[debug] [2021-09-24T04:31:58.799Z] ----------------------------------------------------------------------
[debug] [2021-09-24T04:31:58.800Z] Command:       /usr/local/bin/firebase /Users/sylvesterdas/.cache/firebase/tools/lib/node_modules/firebase-tools/lib/bin/firebase deploy
[debug] [2021-09-24T04:31:58.800Z] CLI Version:   9.5.0
[debug] [2021-09-24T04:31:58.800Z] Platform:      darwin
[debug] [2021-09-24T04:31:58.800Z] Node Version:  v12.18.1
[debug] [2021-09-24T04:31:58.805Z] Time:          Fri Sep 24 2021 10:01:58 GMT+0530 (India Standard Time)
[debug] [2021-09-24T04:31:58.805Z] ----------------------------------------------------------------------
[debug] [2021-09-24T04:31:58.805Z] 
[debug] [2021-09-24T04:31:58.813Z] > command requires scopes: ["email","openid","https://www.googleapis.com/auth/cloudplatformprojects.readonly","https://www.googleapis.com/auth/firebase","https://www.googleapis.com/auth/cloud-platform"]
[debug] [2021-09-24T04:31:58.814Z] > authorizing via signed-in user
[debug] [2021-09-24T04:31:58.814Z] [iam] checking project sylvester-das-resume for permissions ["cloudfunctions.functions.create","cloudfunctions.functions.delete","cloudfunctions.functions.get","cloudfunctions.functions.list","cloudfunctions.functions.update","cloudfunctions.operations.get","firebase.projects.get","firebasehosting.sites.update"]
[debug] [2021-09-24T04:31:58.817Z] >>> HTTP REQUEST POST https://cloudresourcemanager.googleapis.com/v1/projects/sylvester-das-resume:testIamPermissions  
 {"permissions":["cloudfunctions.functions.create","cloudfunctions.functions.delete","cloudfunctions.functions.get","cloudfunctions.functions.list","cloudfunctions.functions.update","cloudfunctions.operations.get","firebase.projects.get","firebasehosting.sites.update"]}
[debug] [2021-09-24T04:32:00.527Z] <<< HTTP RESPONSE 200 {"content-type":"application/json; charset=UTF-8","vary":"X-Origin, Referer, Origin,Accept-Encoding","date":"Fri, 24 Sep 2021 04:32:01 GMT","server":"ESF","cache-control":"private","x-xss-protection":"0","x-frame-options":"SAMEORIGIN","x-content-type-options":"nosniff","server-timing":"gfet4t7; dur=1291","alt-svc":"h3=\":443\"; ma=2592000,h3-29=\":443\"; ma=2592000,h3-T051=\":443\"; ma=2592000,h3-Q050=\":443\"; ma=2592000,h3-Q046=\":443\"; ma=2592000,h3-Q043=\":443\"; ma=2592000,quic=\":443\"; ma=2592000; v=\"46,43\"","accept-ranges":"none","transfer-encoding":"chunked"}
[debug] [2021-09-24T04:32:00.529Z] >>> HTTP REQUEST POST https://iam.googleapis.com/v1/projects/sylvester-das-resume/serviceAccounts/sylvester-das-resume@appspot.gserviceaccount.com:testIamPermissions  
 {"permissions":["iam.serviceAccounts.actAs"]}
[debug] [2021-09-24T04:32:02.276Z] <<< HTTP RESPONSE 200 {"content-type":"application/json; charset=UTF-8","vary":"X-Origin, Referer, Origin,Accept-Encoding","date":"Fri, 24 Sep 2021 04:32:02 GMT","server":"ESF","cache-control":"private","x-xss-protection":"0","x-frame-options":"SAMEORIGIN","x-content-type-options":"nosniff","alt-svc":"h3=\":443\"; ma=2592000,h3-29=\":443\"; ma=2592000,h3-T051=\":443\"; ma=2592000,h3-Q050=\":443\"; ma=2592000,h3-Q046=\":443\"; ma=2592000,h3-Q043=\":443\"; ma=2592000,quic=\":443\"; ma=2592000; v=\"46,43\"","accept-ranges":"none","transfer-encoding":"chunked"}
[debug] [2021-09-24T04:32:02.278Z] > refreshing access token with scopes: []
[debug] [2021-09-24T04:32:02.278Z] >>> HTTP REQUEST POST https://www.googleapis.com/oauth2/v3/token  
 <request body omitted>
[debug] [2021-09-24T04:32:02.493Z] <<< HTTP RESPONSE 200 {"date":"Fri, 24 Sep 2021 04:32:03 GMT","cache-control":"no-cache, no-store, max-age=0, must-revalidate","expires":"Mon, 01 Jan 1990 00:00:00 GMT","pragma":"no-cache","content-type":"application/json; charset=utf-8","vary":"X-Origin, Referer, Origin,Accept-Encoding","server":"scaffolding on HTTPServer2","x-xss-protection":"0","x-frame-options":"SAMEORIGIN","x-content-type-options":"nosniff","alt-svc":"h3=\":443\"; ma=2592000,h3-29=\":443\"; ma=2592000,h3-T051=\":443\"; ma=2592000,h3-Q050=\":443\"; ma=2592000,h3-Q046=\":443\"; ma=2592000,h3-Q043=\":443\"; ma=2592000,quic=\":443\"; ma=2592000; v=\"46,43\"","accept-ranges":"none","transfer-encoding":"chunked"}
[debug] [2021-09-24T04:32:02.514Z] >>> [apiv2][query] GET https://firebase.googleapis.com/v1beta1/projects/sylvester-das-resume [none]
[debug] [2021-09-24T04:32:03.178Z] <<< [apiv2][status] GET https://firebase.googleapis.com/v1beta1/projects/sylvester-das-resume 200
